<?xml version="1.0" encoding="UTF-8"?>
<!-- Generated by org.testng.reporters.JUnitXMLReporter -->
<testsuite ignored="5" hostname="Maéva" failures="0" tests="7" name="Default test" time="73.308" errors="0" timestamp="2024-03-08T09:41:33 WAT">
  <testcase classname="testCloudBankSelenium.LoginTest" name="enterInfoLogin" time="5.489"/>
  <testcase classname="testCloudBankSelenium.CreationFournisseur" name="goToFormCreationFournisseur" time="26.394"/>
  <testcase classname="testCloudBankSelenium.CreationFournisseur" name="fillFormCreationFournisseur" time="10.258"/>
  <testcase classname="testCloudBankSelenium.ModificationFournisseur" name="modificationFournisseur" time="8.991"/>
  <testcase classname="testCloudBankSelenium.DuplicationFournisseur" name="duplicationFournisseur" time="7.778"/>
  <testcase classname="testCloudBankSelenium.InterrogationFournisseur" name="duplicationFournisseur" time="8.444"/>
  <testcase classname="testCloudBankSelenium.SuppressionFournisseur" name="duplicationFournisseur" time="5.861"/>
  <testcase classname="testCloudBankSelenium.TestBase" name="@BeforeSuite setUp" time="0.0">
    <ignored/>
  </testcase> <!-- @BeforeSuite setUp -->
  <testcase classname="testCloudBankSelenium.TestBase" name="@BeforeSuite setUp" time="0.0">
    <ignored/>
  </testcase> <!-- @BeforeSuite setUp -->
  <testcase classname="testCloudBankSelenium.TestBase" name="@BeforeSuite setUp" time="0.0">
    <ignored/>
  </testcase> <!-- @BeforeSuite setUp -->
  <testcase classname="testCloudBankSelenium.TestBase" name="@BeforeSuite setUp" time="0.0">
    <ignored/>
  </testcase> <!-- @BeforeSuite setUp -->
  <testcase classname="testCloudBankSelenium.TestBase" name="@BeforeSuite setUp" time="0.0">
    <ignored/>
  </testcase> <!-- @BeforeSuite setUp -->
</testsuite> <!-- Default test -->
