<?xml version="1.0" encoding="UTF-8"?>
<!-- Generated by org.testng.reporters.JUnitXMLReporter -->
<testsuite ignored="0" hostname="Maéva" failures="0" tests="3" name="Default test" time="56.044" errors="0" timestamp="2024-02-29T15:04:57 WAT">
  <testcase classname="testCloudBankSelenium.CreationFournisseur" name="login" time="1.027"/>
  <testcase classname="testCloudBankSelenium.CreationFournisseur" name="goToFormCreationFournisseur" time="24.871"/>
  <testcase classname="testCloudBankSelenium.CreationFournisseur" name="fillFormCreationFournisseur" time="3.953"/>
</testsuite> <!-- Default test -->
