<?xml version="1.0" encoding="UTF-8"?>
<!-- Generated by org.testng.reporters.JUnitReportReporter -->
<testsuite hostname="Maéva" failures="0" tests="3" name="testCloudBankSelenium.CreateCompteGestion" time="25.704" errors="0" timestamp="2024-02-29T11:25:29 WAT" skipped="0">
  <testcase classname="testCloudBankSelenium.CreateCompteGestion" name="login" time="0.851"/>
  <testcase classname="testCloudBankSelenium.CreateCompteGestion" name="goToFormCompteGestion" time="21.911"/>
  <testcase classname="testCloudBankSelenium.CreateCompteGestion" name="fillFormCompteGestion" time="2.942"/>
</testsuite> <!-- testCloudBankSelenium.CreateCompteGestion -->
