<?xml version="1.0" encoding="UTF-8"?>
<!-- Generated by org.testng.reporters.JUnitReportReporter -->
<testsuite hostname="Maéva" failures="0" tests="2" name="testCloudBankSelenium.CreationFournisseurPassed" time="0.001" errors="0" timestamp="2024-03-09T14:10:46 WAT" skipped="2">
  <testcase classname="testCloudBankSelenium.CreationFournisseurPassed" name="goToFormCreationFournisseur" time="0.000">
    <skipped/>
  </testcase> <!-- goToFormCreationFournisseur -->
  <testcase classname="testCloudBankSelenium.CreationFournisseurPassed" name="fillFormCreationFournisseur" time="0.001">
    <skipped/>
  </testcase> <!-- fillFormCreationFournisseur -->
</testsuite> <!-- testCloudBankSelenium.CreationFournisseurPassed -->
