<?xml version="1.0" encoding="UTF-8"?>
<!-- Generated by org.testng.reporters.JUnitReportReporter -->
<testsuite hostname="Maéva" failures="0" tests="2" name="testCloudBankSelenium.CreationFournisseur" time="50.033" errors="0" timestamp="2024-03-08T17:45:17 WAT" skipped="0">
  <testcase classname="testCloudBankSelenium.CreationFournisseur" name="goToFormCreationFournisseur" time="34.385"/>
  <testcase classname="testCloudBankSelenium.CreationFournisseur" name="fillFormCreationFournisseur" time="15.648"/>
</testsuite> <!-- testCloudBankSelenium.CreationFournisseur -->
