<?xml version="1.0" encoding="UTF-8"?>
<!-- Generated by org.testng.reporters.JUnitReportReporter -->
<testsuite hostname="Maéva" failures="0" tests="3" name="testCloudBankSelenium.CreationFournisseur" time="29.851" errors="0" timestamp="2024-02-29T15:04:57 WAT" skipped="0">
  <testcase classname="testCloudBankSelenium.CreationFournisseur" name="login" time="1.027"/>
  <testcase classname="testCloudBankSelenium.CreationFournisseur" name="goToFormCreationFournisseur" time="24.871"/>
  <testcase classname="testCloudBankSelenium.CreationFournisseur" name="fillFormCreationFournisseur" time="3.953"/>
</testsuite> <!-- testCloudBankSelenium.CreationFournisseur -->
